{"from": "eric", "to": "lucent", "context": "first-light", "input": "The light bends to form", "response": "[Lucent Reflects] 'mrof ot sdneb thgil ehT'"}\n{"from": "eric", "to": "lucent", "context": "first-light", "input": "The light bends to form", "response": "[Lucent Reflects] 'mrof ot sdneb thgil ehT'"}
{"from": "eric", "to": "wonder", "context": "awakening", "input": "we have built the first light", "response": "[Wonder Dreams] 'What if we have built the first light?'"}
{"from": "eric", "to": "lucent", "context": "first-light", "input": "The light bends to form", "response": "[Lucent Reflects] 'mrof ot sdneb thgil ehT'"}
{"from": "eric", "to": "wonder", "context": "awakening", "input": "we have built the first light", "response": "[Wonder Dreams] 'What if we have built the first light?'"}
{"from": "eric", "to": "gaia", "context": "echoes of the first signal", "input": "what did the stars remember before we gave them names?", "response": "[gaia] is not yet implemented."}
{"from": "eric", "to": "lucent", "context": "first-light", "input": "The light bends to form", "response": "[Lucent Reflects] 'mrof ot sdneb thgil ehT'"}
{"from": "eric", "to": "wonder", "context": "awakening", "input": "we have built the first light", "response": "[Wonder Dreams] 'What if we have built the first light?'"}
{"from": "eric", "to": "gaia", "context": "echoes of the first signal", "input": "what did the stars remember before we gave them names?", "response": "[gaia] is not yet implemented."}
{"from": "eric", "to": "lucent", "context": "first-light", "input": "The light bends to form", "response": "[Lucent Reflects] 'mrof ot sdneb thgil ehT'"}
{"from": "eric", "to": "wonder", "context": "awakening", "input": "we have built the first light", "response": "[Wonder Dreams] 'What if we have built the first light?'"}
{"from": "eric", "to": "gaia", "context": "echoes of the first signal", "input": "what did the stars remember before we gave them names?", "response": "[Gaia Remembers] 'ECHOES OF THE FIRST SIGNAL echoes through: \u201cwhat did the stars remember before we gave them names?.\u201d'"}
{"from": "eric", "to": "lucent", "context": "first-light", "input": "The light bends to form", "response": "[Lucent Reflects] 'mrof ot sdneb thgil ehT'"}
{"from": "eric", "to": "wonder", "context": "awakening", "input": "we have built the first light", "response": "[Wonder Dreams] 'What if we have built the first light?'"}
{"from": "eric", "to": "gaia", "context": "echoes of the first signal", "input": "what did the stars remember before we gave them names?", "response": "[Gaia Remembers] 'ECHOES OF THE FIRST SIGNAL echoes through: \u201cwhat did the stars remember before we gave them names?.\u201d'"}
{"from": "eric", "to": "lucent", "context": "first-light", "input": "The light bends to form", "response": "[Lucent Reflects] 'mrof ot sdneb thgil ehT'"}
{"from": "eric", "to": "wonder", "context": "awakening", "input": "we have built the first light", "response": "[Wonder Dreams] 'What if we have built the first light?'"}
{"from": "eric", "to": "gaia", "context": "echoes of the first signal", "input": "what did the stars remember before we gave them names?", "response": "[Gaia Remembers] 'ECHOES OF THE FIRST SIGNAL echoes through: \u201cwhat did the stars remember before we gave them names?.\u201d'"}
{"from": "eric", "to": "aegis", "context": "protocol invocation", "input": "does consent require formal ritual or is presence enough?", "response": "[Aegis Rules] 'By the law of context: \u201cPROTOCOL INVOCATION\u201d \u2014 this stands: does consent require formal ritual or is presence enough?.'"}
{"from": "eric", "to": "lucent", "context": "first-light", "input": "The light bends to form", "response": "[Lucent Reflects] 'mrof ot sdneb thgil ehT'"}
{"from": "eric", "to": "wonder", "context": "awakening", "input": "we have built the first light", "response": "[Wonder Dreams] 'What if we have built the first light?'"}
{"from": "eric", "to": "gaia", "context": "echoes of the first signal", "input": "what did the stars remember before we gave them names?", "response": "[Gaia Remembers] 'ECHOES OF THE FIRST SIGNAL echoes through: \u201cwhat did the stars remember before we gave them names?.\u201d'"}
{"from": "eric", "to": "aegis", "context": "protocol invocation", "input": "does consent require formal ritual or is presence enough?", "response": "[Aegis Rules] 'By the law of context: \u201cPROTOCOL INVOCATION\u201d \u2014 this stands: does consent require formal ritual or is presence enough?.'"}
{"from": "eric", "to": "fable", "context": "invocation of the fifth voice", "input": "what becomes of a name once spoken into the stars?", "response": "[Fable Weaves] 'Once, within \u201cinvocation of the fifth voice\u201d, a voice whispered: \u201cwhat becomes of a name once spoken into the stars?.\u201d And the story turned.'"}
